<?xml version="1.0" encoding="UTF-8"?>
<!-- Generated by org.testng.reporters.JUnitXMLReporter -->
<testsuite ignored="0" hostname="DESKTOP-64I2TDN" failures="0" tests="4" name="Default test" time="9.66" errors="0" timestamp="2024-08-08T13:28:45 IST">
  <testcase classname="mobiles.api.TestCases.MobileTestcases" name="dataGeneration" time="5.47"/>
  <testcase classname="mobiles.api.TestCases.MobileTestcases" name="dataGeneration" time="0.351"/>
  <testcase classname="mobiles.api.TestCases.MobileTestcases" name="dataGeneration" time="0.33"/>
  <testcase classname="mobiles.api.TestCases.MobileTestcases" name="dataGeneration" time="0.369"/>
</testsuite> <!-- Default test -->
