<?xml version="1.0" encoding="UTF-8"?>
<testng-results ignored="0" total="4" passed="4" failed="0" skipped="0">
  <reporter-output>
  </reporter-output>
  <suite started-at="2024-08-08T13:28:35 IST" name="Default suite" finished-at="2024-08-08T13:28:45 IST" duration-ms="9660">
    <groups>
    </groups>
    <test started-at="2024-08-08T13:28:35 IST" name="Default test" finished-at="2024-08-08T13:28:45 IST" duration-ms="9660">
      <class name="mobiles.api.TestCases.MobileTestcases">
        <test-method signature="dataGeneration([Ljava.lang.String;)[pri:1, instance:mobiles.api.TestCases.MobileTestcases@273e7444]" started-at="2024-08-08T13:28:38 IST" name="dataGeneration" data-provider="ExcelData" finished-at="2024-08-08T13:28:44 IST" duration-ms="5470" status="PASS">
          <params>
            <param index="0">
              <value>
                <![CDATA[[Ljava.lang.String;@39afe59f]]>
              </value>
            </param>
          </params>
          <reporter-output>
          </reporter-output>
        </test-method> <!-- dataGeneration -->
        <test-method signature="dataGeneration([Ljava.lang.String;)[pri:1, instance:mobiles.api.TestCases.MobileTestcases@273e7444]" started-at="2024-08-08T13:28:44 IST" name="dataGeneration" data-provider="ExcelData" finished-at="2024-08-08T13:28:44 IST" duration-ms="351" status="PASS">
          <params>
            <param index="0">
              <value>
                <![CDATA[[Ljava.lang.String;@16f34376]]>
              </value>
            </param>
          </params>
          <reporter-output>
          </reporter-output>
        </test-method> <!-- dataGeneration -->
        <test-method signature="dataGeneration([Ljava.lang.String;)[pri:1, instance:mobiles.api.TestCases.MobileTestcases@273e7444]" started-at="2024-08-08T13:28:44 IST" name="dataGeneration" data-provider="ExcelData" finished-at="2024-08-08T13:28:44 IST" duration-ms="330" status="PASS">
          <params>
            <param index="0">
              <value>
                <![CDATA[[Ljava.lang.String;@4ede035e]]>
              </value>
            </param>
          </params>
          <reporter-output>
          </reporter-output>
        </test-method> <!-- dataGeneration -->
        <test-method signature="dataGeneration([Ljava.lang.String;)[pri:1, instance:mobiles.api.TestCases.MobileTestcases@273e7444]" started-at="2024-08-08T13:28:44 IST" name="dataGeneration" data-provider="ExcelData" finished-at="2024-08-08T13:28:45 IST" duration-ms="369" status="PASS">
          <params>
            <param index="0">
              <value>
                <![CDATA[[Ljava.lang.String;@1d9af731]]>
              </value>
            </param>
          </params>
          <reporter-output>
          </reporter-output>
        </test-method> <!-- dataGeneration -->
      </class> <!-- mobiles.api.TestCases.MobileTestcases -->
    </test> <!-- Default test -->
  </suite> <!-- Default suite -->
</testng-results>
